This is pdfTeX, Version 3.141592653-2.6-1.40.25 (TeX Live 2023) (preloaded format=pdflatex 2024.2.5)  13 MAR 2024 18:24
entering extended mode
 restricted \write18 enabled.
 %&-line parsing enabled.
**BACoN_analysis_doc.tex
(./BACoN_analysis_doc.tex
LaTeX2e <2022-11-01> patch level 1
L3 programming layer <2023-02-22>
(/usr/local/texlive/2023/texmf-dist/tex/latex/base/article.cls
Document Class: article 2022/07/02 v1.4n Standard LaTeX document class
(/usr/local/texlive/2023/texmf-dist/tex/latex/base/size11.clo
File: size11.clo 2022/07/02 v1.4n Standard LaTeX file (size option)
)
\c@part=\count185
\c@section=\count186
\c@subsection=\count187
\c@subsubsection=\count188
\c@paragraph=\count189
\c@subparagraph=\count190
\c@figure=\count191
\c@table=\count192
\abovecaptionskip=\skip48
\belowcaptionskip=\skip49
\bibindent=\dimen140
)
(/usr/local/texlive/2023/texmf-dist/tex/latex/geometry/geometry.sty
Package: geometry 2020/01/02 v5.9 Page Geometry

(/usr/local/texlive/2023/texmf-dist/tex/latex/graphics/keyval.sty
Package: keyval 2022/05/29 v1.15 key=value parser (DPC)
\KV@toks@=\toks16
)
(/usr/local/texlive/2023/texmf-dist/tex/generic/iftex/ifvtex.sty
Package: ifvtex 2019/10/25 v1.7 ifvtex legacy package. Use iftex instead.

(/usr/local/texlive/2023/texmf-dist/tex/generic/iftex/iftex.sty
Package: iftex 2022/02/03 v1.0f TeX engine tests
))
\Gm@cnth=\count193
\Gm@cntv=\count194
\c@Gm@tempcnt=\count195
\Gm@bindingoffset=\dimen141
\Gm@wd@mp=\dimen142
\Gm@odd@mp=\dimen143
\Gm@even@mp=\dimen144
\Gm@layoutwidth=\dimen145
\Gm@layoutheight=\dimen146
\Gm@layouthoffset=\dimen147
\Gm@layoutvoffset=\dimen148
\Gm@dimlist=\toks17
)
(/usr/local/texlive/2023/texmf-dist/tex/latex/base/inputenc.sty
Package: inputenc 2021/02/14 v1.3d Input encoding file
\inpenc@prehook=\toks18
\inpenc@posthook=\toks19
)
(/usr/local/texlive/2023/texmf-dist/tex/latex/mathtools/mathtools.sty
Package: mathtools 2022/06/29 v1.29 mathematical typesetting tools

(/usr/local/texlive/2023/texmf-dist/tex/latex/tools/calc.sty
Package: calc 2017/05/25 v4.3 Infix arithmetic (KKT,FJ)
\calc@Acount=\count196
\calc@Bcount=\count197
\calc@Adimen=\dimen149
\calc@Bdimen=\dimen150
\calc@Askip=\skip50
\calc@Bskip=\skip51
LaTeX Info: Redefining \setlength on input line 80.
LaTeX Info: Redefining \addtolength on input line 81.
\calc@Ccount=\count198
\calc@Cskip=\skip52
)
(/usr/local/texlive/2023/texmf-dist/tex/latex/mathtools/mhsetup.sty
Package: mhsetup 2021/03/18 v1.4 programming setup (MH)
)
(/usr/local/texlive/2023/texmf-dist/tex/latex/amsmath/amsmath.sty
Package: amsmath 2022/04/08 v2.17n AMS math features
\@mathmargin=\skip53

For additional information on amsmath, use the `?' option.
(/usr/local/texlive/2023/texmf-dist/tex/latex/amsmath/amstext.sty
Package: amstext 2021/08/26 v2.01 AMS text

(/usr/local/texlive/2023/texmf-dist/tex/latex/amsmath/amsgen.sty
File: amsgen.sty 1999/11/30 v2.0 generic functions
\@emptytoks=\toks20
\ex@=\dimen151
))
(/usr/local/texlive/2023/texmf-dist/tex/latex/amsmath/amsbsy.sty
Package: amsbsy 1999/11/29 v1.2d Bold Symbols
\pmbraise@=\dimen152
)
(/usr/local/texlive/2023/texmf-dist/tex/latex/amsmath/amsopn.sty
Package: amsopn 2022/04/08 v2.04 operator names
)
\inf@bad=\count199
LaTeX Info: Redefining \frac on input line 234.
\uproot@=\count266
\leftroot@=\count267
LaTeX Info: Redefining \overline on input line 399.
LaTeX Info: Redefining \colon on input line 410.
\classnum@=\count268
\DOTSCASE@=\count269
LaTeX Info: Redefining \ldots on input line 496.
LaTeX Info: Redefining \dots on input line 499.
LaTeX Info: Redefining \cdots on input line 620.
\Mathstrutbox@=\box51
\strutbox@=\box52
LaTeX Info: Redefining \big on input line 722.
LaTeX Info: Redefining \Big on input line 723.
LaTeX Info: Redefining \bigg on input line 724.
LaTeX Info: Redefining \Bigg on input line 725.
\big@size=\dimen153
LaTeX Font Info:    Redeclaring font encoding OML on input line 743.
LaTeX Font Info:    Redeclaring font encoding OMS on input line 744.
\macc@depth=\count270
LaTeX Info: Redefining \bmod on input line 905.
LaTeX Info: Redefining \pmod on input line 910.
LaTeX Info: Redefining \smash on input line 940.
LaTeX Info: Redefining \relbar on input line 970.
LaTeX Info: Redefining \Relbar on input line 971.
\c@MaxMatrixCols=\count271
\dotsspace@=\muskip16
\c@parentequation=\count272
\dspbrk@lvl=\count273
\tag@help=\toks21
\row@=\count274
\column@=\count275
\maxfields@=\count276
\andhelp@=\toks22
\eqnshift@=\dimen154
\alignsep@=\dimen155
\tagshift@=\dimen156
\tagwidth@=\dimen157
\totwidth@=\dimen158
\lineht@=\dimen159
\@envbody=\toks23
\multlinegap=\skip54
\multlinetaggap=\skip55
\mathdisplay@stack=\toks24
LaTeX Info: Redefining \[ on input line 2953.
LaTeX Info: Redefining \] on input line 2954.
)
\g_MT_multlinerow_int=\count277
\l_MT_multwidth_dim=\dimen160
\origjot=\skip56
\l_MT_shortvdotswithinadjustabove_dim=\dimen161
\l_MT_shortvdotswithinadjustbelow_dim=\dimen162
\l_MT_above_intertext_sep=\dimen163
\l_MT_below_intertext_sep=\dimen164
\l_MT_above_shortintertext_sep=\dimen165
\l_MT_below_shortintertext_sep=\dimen166
\xmathstrut@box=\box53
\xmathstrut@dim=\dimen167
)
(/usr/local/texlive/2023/texmf-dist/tex/latex/psnfss/palatino.sty
Package: palatino 2020/03/25 PSNFSS-v9.3 (SPQR) 
)
(/usr/local/texlive/2023/texmf-dist/tex/latex/graphics/graphicx.sty
Package: graphicx 2021/09/16 v1.2d Enhanced LaTeX Graphics (DPC,SPQR)

(/usr/local/texlive/2023/texmf-dist/tex/latex/graphics/graphics.sty
Package: graphics 2022/03/10 v1.4e Standard LaTeX Graphics (DPC,SPQR)

(/usr/local/texlive/2023/texmf-dist/tex/latex/graphics/trig.sty
Package: trig 2021/08/11 v1.11 sin cos tan (DPC)
)
(/usr/local/texlive/2023/texmf-dist/tex/latex/graphics-cfg/graphics.cfg
File: graphics.cfg 2016/06/04 v1.11 sample graphics configuration
)
Package graphics Info: Driver file: pdftex.def on input line 107.

(/usr/local/texlive/2023/texmf-dist/tex/latex/graphics-def/pdftex.def
File: pdftex.def 2022/09/22 v1.2b Graphics/color driver for pdftex
))
\Gin@req@height=\dimen168
\Gin@req@width=\dimen169
)
(/usr/local/texlive/2023/texmf-dist/tex/latex/hyperref/hyperref.sty
Package: hyperref 2023-02-07 v7.00v Hypertext links for LaTeX

(/usr/local/texlive/2023/texmf-dist/tex/generic/ltxcmds/ltxcmds.sty
Package: ltxcmds 2020-05-10 v1.25 LaTeX kernel commands for general use (HO)
)
(/usr/local/texlive/2023/texmf-dist/tex/generic/pdftexcmds/pdftexcmds.sty
Package: pdftexcmds 2020-06-27 v0.33 Utility functions of pdfTeX for LuaTeX (HO
)

(/usr/local/texlive/2023/texmf-dist/tex/generic/infwarerr/infwarerr.sty
Package: infwarerr 2019/12/03 v1.5 Providing info/warning/error messages (HO)
)
Package pdftexcmds Info: \pdf@primitive is available.
Package pdftexcmds Info: \pdf@ifprimitive is available.
Package pdftexcmds Info: \pdfdraftmode found.
)
(/usr/local/texlive/2023/texmf-dist/tex/latex/kvsetkeys/kvsetkeys.sty
Package: kvsetkeys 2022-10-05 v1.19 Key value parser (HO)
)
(/usr/local/texlive/2023/texmf-dist/tex/generic/kvdefinekeys/kvdefinekeys.sty
Package: kvdefinekeys 2019-12-19 v1.6 Define keys (HO)
)
(/usr/local/texlive/2023/texmf-dist/tex/generic/pdfescape/pdfescape.sty
Package: pdfescape 2019/12/09 v1.15 Implements pdfTeX's escape features (HO)
)
(/usr/local/texlive/2023/texmf-dist/tex/latex/hycolor/hycolor.sty
Package: hycolor 2020-01-27 v1.10 Color options for hyperref/bookmark (HO)
)
(/usr/local/texlive/2023/texmf-dist/tex/latex/letltxmacro/letltxmacro.sty
Package: letltxmacro 2019/12/03 v1.6 Let assignment for LaTeX macros (HO)
)
(/usr/local/texlive/2023/texmf-dist/tex/latex/auxhook/auxhook.sty
Package: auxhook 2019-12-17 v1.6 Hooks for auxiliary files (HO)
)
(/usr/local/texlive/2023/texmf-dist/tex/latex/hyperref/nameref.sty
Package: nameref 2022-05-17 v2.50 Cross-referencing by name of section

(/usr/local/texlive/2023/texmf-dist/tex/latex/refcount/refcount.sty
Package: refcount 2019/12/15 v3.6 Data extraction from label references (HO)
)
(/usr/local/texlive/2023/texmf-dist/tex/generic/gettitlestring/gettitlestring.s
ty
Package: gettitlestring 2019/12/15 v1.6 Cleanup title references (HO)
 (/usr/local/texlive/2023/texmf-dist/tex/latex/kvoptions/kvoptions.sty
Package: kvoptions 2022-06-15 v3.15 Key value format for package options (HO)
))
\c@section@level=\count278
)
\@linkdim=\dimen170
\Hy@linkcounter=\count279
\Hy@pagecounter=\count280

(/usr/local/texlive/2023/texmf-dist/tex/latex/hyperref/pd1enc.def
File: pd1enc.def 2023-02-07 v7.00v Hyperref: PDFDocEncoding definition (HO)
Now handling font encoding PD1 ...
... no UTF-8 mapping file for font encoding PD1
)
(/usr/local/texlive/2023/texmf-dist/tex/generic/intcalc/intcalc.sty
Package: intcalc 2019/12/15 v1.3 Expandable calculations with integers (HO)
)
(/usr/local/texlive/2023/texmf-dist/tex/generic/etexcmds/etexcmds.sty
Package: etexcmds 2019/12/15 v1.7 Avoid name clashes with e-TeX commands (HO)
)
\Hy@SavedSpaceFactor=\count281

(/usr/local/texlive/2023/texmf-dist/tex/latex/hyperref/puenc.def
File: puenc.def 2023-02-07 v7.00v Hyperref: PDF Unicode definition (HO)
Now handling font encoding PU ...
... no UTF-8 mapping file for font encoding PU
)
Package hyperref Info: Hyper figures OFF on input line 4177.
Package hyperref Info: Link nesting OFF on input line 4182.
Package hyperref Info: Hyper index ON on input line 4185.
Package hyperref Info: Plain pages OFF on input line 4192.
Package hyperref Info: Backreferencing OFF on input line 4197.
Package hyperref Info: Implicit mode ON; LaTeX internals redefined.
Package hyperref Info: Bookmarks ON on input line 4425.
\c@Hy@tempcnt=\count282

(/usr/local/texlive/2023/texmf-dist/tex/latex/url/url.sty
\Urlmuskip=\muskip17
Package: url 2013/09/16  ver 3.4  Verb mode for urls, etc.
)
LaTeX Info: Redefining \url on input line 4763.
\XeTeXLinkMargin=\dimen171

(/usr/local/texlive/2023/texmf-dist/tex/generic/bitset/bitset.sty
Package: bitset 2019/12/09 v1.3 Handle bit-vector datatype (HO)

(/usr/local/texlive/2023/texmf-dist/tex/generic/bigintcalc/bigintcalc.sty
Package: bigintcalc 2019/12/15 v1.5 Expandable calculations on big integers (HO
)
))
\Fld@menulength=\count283
\Field@Width=\dimen172
\Fld@charsize=\dimen173
Package hyperref Info: Hyper figures OFF on input line 6042.
Package hyperref Info: Link nesting OFF on input line 6047.
Package hyperref Info: Hyper index ON on input line 6050.
Package hyperref Info: backreferencing OFF on input line 6057.
Package hyperref Info: Link coloring OFF on input line 6062.
Package hyperref Info: Link coloring with OCG OFF on input line 6067.
Package hyperref Info: PDF/A mode OFF on input line 6072.

(/usr/local/texlive/2023/texmf-dist/tex/latex/base/atbegshi-ltx.sty
Package: atbegshi-ltx 2021/01/10 v1.0c Emulation of the original atbegshi
package with kernel methods
)
\Hy@abspage=\count284
\c@Item=\count285
\c@Hfootnote=\count286
)
Package hyperref Info: Driver (autodetected): hpdftex.

(/usr/local/texlive/2023/texmf-dist/tex/latex/hyperref/hpdftex.def
File: hpdftex.def 2023-02-07 v7.00v Hyperref driver for pdfTeX

(/usr/local/texlive/2023/texmf-dist/tex/latex/base/atveryend-ltx.sty
Package: atveryend-ltx 2020/08/19 v1.0a Emulation of the original atveryend pac
kage
with kernel methods
)
\Fld@listcount=\count287
\c@bookmark@seq@number=\count288

(/usr/local/texlive/2023/texmf-dist/tex/latex/rerunfilecheck/rerunfilecheck.sty
Package: rerunfilecheck 2022-07-10 v1.10 Rerun checks for auxiliary files (HO)

(/usr/local/texlive/2023/texmf-dist/tex/generic/uniquecounter/uniquecounter.sty
Package: uniquecounter 2019/12/15 v1.4 Provide unlimited unique counter (HO)
)
Package uniquecounter Info: New unique counter `rerunfilecheck' on input line 2
85.
)
\Hy@SectionHShift=\skip57
)
LaTeX Font Info:    Trying to load font information for OT1+ppl on input line 1
4.
 (/usr/local/texlive/2023/texmf-dist/tex/latex/psnfss/ot1ppl.fd
File: ot1ppl.fd 2001/06/04 font definitions for OT1/ppl.
)
(/usr/local/texlive/2023/texmf-dist/tex/latex/l3backend/l3backend-pdftex.def
File: l3backend-pdftex.def 2023-01-16 L3 backend support: PDF output (pdfTeX)
\l__color_backend_stack_int=\count289
\l__pdf_internal_box=\box54
)

LaTeX Warning: Unused global option(s):
    [pdf].

(./BACoN_analysis_doc.aux)
\openout1 = `BACoN_analysis_doc.aux'.

LaTeX Font Info:    Checking defaults for OML/cmm/m/it on input line 14.
LaTeX Font Info:    ... okay on input line 14.
LaTeX Font Info:    Checking defaults for OMS/cmsy/m/n on input line 14.
LaTeX Font Info:    ... okay on input line 14.
LaTeX Font Info:    Checking defaults for OT1/cmr/m/n on input line 14.
LaTeX Font Info:    ... okay on input line 14.
LaTeX Font Info:    Checking defaults for T1/cmr/m/n on input line 14.
LaTeX Font Info:    ... okay on input line 14.
LaTeX Font Info:    Checking defaults for TS1/cmr/m/n on input line 14.
LaTeX Font Info:    ... okay on input line 14.
LaTeX Font Info:    Checking defaults for OMX/cmex/m/n on input line 14.
LaTeX Font Info:    ... okay on input line 14.
LaTeX Font Info:    Checking defaults for U/cmr/m/n on input line 14.
LaTeX Font Info:    ... okay on input line 14.
LaTeX Font Info:    Checking defaults for PD1/pdf/m/n on input line 14.
LaTeX Font Info:    ... okay on input line 14.
LaTeX Font Info:    Checking defaults for PU/pdf/m/n on input line 14.
LaTeX Font Info:    ... okay on input line 14.

*geometry* driver: auto-detecting
*geometry* detected driver: pdftex
*geometry* verbose mode - [ preamble ] result:
* driver: pdftex
* paper: a4paper
* layout: <same size as paper>
* layoutoffset:(h,v)=(0.0pt,0.0pt)
* modes: 
* h-part:(L,W,R)=(71.13188pt, 455.24411pt, 71.13188pt)
* v-part:(T,H,B)=(71.13188pt, 702.78308pt, 71.13188pt)
* \paperwidth=597.50787pt
* \paperheight=845.04684pt
* \textwidth=455.24411pt
* \textheight=702.78308pt
* \oddsidemargin=-1.1381pt
* \evensidemargin=-1.1381pt
* \topmargin=-38.1381pt
* \headheight=12.0pt
* \headsep=25.0pt
* \topskip=11.0pt
* \footskip=30.0pt
* \marginparwidth=50.0pt
* \marginparsep=10.0pt
* \columnsep=10.0pt
* \skip\footins=10.0pt plus 4.0pt minus 2.0pt
* \hoffset=0.0pt
* \voffset=0.0pt
* \mag=1000
* \@twocolumnfalse
* \@twosidefalse
* \@mparswitchfalse
* \@reversemarginfalse
* (1in=72.27pt=25.4mm, 1cm=28.453pt)

(/usr/local/texlive/2023/texmf-dist/tex/context/base/mkii/supp-pdf.mkii
[Loading MPS to PDF converter (version 2006.09.02).]
\scratchcounter=\count290
\scratchdimen=\dimen174
\scratchbox=\box55
\nofMPsegments=\count291
\nofMParguments=\count292
\everyMPshowfont=\toks25
\MPscratchCnt=\count293
\MPscratchDim=\dimen175
\MPnumerator=\count294
\makeMPintoPDFobject=\count295
\everyMPtoPDFconversion=\toks26
) (/usr/local/texlive/2023/texmf-dist/tex/latex/epstopdf-pkg/epstopdf-base.sty
Package: epstopdf-base 2020-01-24 v2.11 Base part for package epstopdf
Package epstopdf-base Info: Redefining graphics rule for `.eps' on input line 4
85.

(/usr/local/texlive/2023/texmf-dist/tex/latex/latexconfig/epstopdf-sys.cfg
File: epstopdf-sys.cfg 2010/07/13 v1.3 Configuration of (r)epstopdf for TeX Liv
e
))
Package hyperref Info: Link coloring OFF on input line 14.

(./BACoN_analysis_doc.out) (./BACoN_analysis_doc.out)
\@outlinefile=\write3
\openout3 = `BACoN_analysis_doc.out'.

</Users/romoluque_c/LEGEND/BACON/Analysis_documentation/images//BACoN_picture_r
un2.png, id=60, 760.8425pt x 611.28375pt>
File: /Users/romoluque_c/LEGEND/BACON/Analysis_documentation/images//BACoN_pict
ure_run2.png Graphic file (type png)
<use /Users/romoluque_c/LEGEND/BACON/Analysis_documentation/images//BACoN_pictu
re_run2.png>
Package pdftex.def Info: /Users/romoluque_c/LEGEND/BACON/Analysis_documentation
/images//BACoN_picture_run2.png  used on input line 22.
(pdftex.def)             Requested size: 256.0748pt x 205.74438pt.
 [1

{/usr/local/texlive/2023/texmf-var/fonts/map/pdftex/updmap/pdftex.map}{/usr/loc
al/texlive/2023/texmf-dist/fonts/enc/dvips/base/8r.enc} </Users/romoluque_c/LEG
END/BACON/Analysis_documentation/images//BACoN_picture_run2.png>]
</Users/romoluque_c/LEGEND/BACON/Analysis_documentation/images//wf_dark_box_pal
atino.pdf, id=73, 515.41307pt x 331.9025pt>
File: /Users/romoluque_c/LEGEND/BACON/Analysis_documentation/images//wf_dark_bo
x_palatino.pdf Graphic file (type pdf)
<use /Users/romoluque_c/LEGEND/BACON/Analysis_documentation/images//wf_dark_box
_palatino.pdf>
Package pdftex.def Info: /Users/romoluque_c/LEGEND/BACON/Analysis_documentation
/images//wf_dark_box_palatino.pdf  used on input line 39.
(pdftex.def)             Requested size: 341.43306pt x 219.86662pt.
</Users/romoluque_c/LEGEND/BACON/Analysis_documentation/images//wf_and_swf_dark
_box_palatino.pdf, id=75, 515.41307pt x 331.9025pt>
File: /Users/romoluque_c/LEGEND/BACON/Analysis_documentation/images//wf_and_swf
_dark_box_palatino.pdf Graphic file (type pdf)
<use /Users/romoluque_c/LEGEND/BACON/Analysis_documentation/images//wf_and_swf_
dark_box_palatino.pdf>
Package pdftex.def Info: /Users/romoluque_c/LEGEND/BACON/Analysis_documentation
/images//wf_and_swf_dark_box_palatino.pdf  used on input line 50.
(pdftex.def)             Requested size: 312.9803pt x 201.54355pt.


LaTeX Warning: `!h' float specifier changed to `!ht'.

</Users/romoluque_c/LEGEND/BACON/Analysis_documentation/images//summed_subtr_wf
_trigger_region_colored_palatino.pdf, id=77, 464.92445pt x 345.42175pt>
File: /Users/romoluque_c/LEGEND/BACON/Analysis_documentation/images//summed_sub
tr_wf_trigger_region_colored_palatino.pdf Graphic file (type pdf)
<use /Users/romoluque_c/LEGEND/BACON/Analysis_documentation/images//summed_subt
r_wf_trigger_region_colored_palatino.pdf>
Package pdftex.def Info: /Users/romoluque_c/LEGEND/BACON/Analysis_documentation
/images//summed_subtr_wf_trigger_region_colored_palatino.pdf  used on input lin
e 60.
(pdftex.def)             Requested size: 327.20668pt x 243.11124pt.

LaTeX Warning: `!h' float specifier changed to `!ht'.

</Users/romoluque_c/LEGEND/BACON/Analysis_documentation/images//spectrum_black_
box_fitted_palatino.pdf, id=79, 452.22075pt x 332.5612pt>
File: /Users/romoluque_c/LEGEND/BACON/Analysis_documentation/images//spectrum_b
lack_box_fitted_palatino.pdf Graphic file (type pdf)
<use /Users/romoluque_c/LEGEND/BACON/Analysis_documentation/images//spectrum_bl
ack_box_fitted_palatino.pdf>
Package pdftex.def Info: /Users/romoluque_c/LEGEND/BACON/Analysis_documentation
/images//spectrum_black_box_fitted_palatino.pdf  used on input line 74.
(pdftex.def)             Requested size: 312.9803pt x 230.16267pt.

LaTeX Warning: `!h' float specifier changed to `!ht'.

</Users/romoluque_c/LEGEND/BACON/Analysis_documentation/images//Gain_all_channe
ls_black_box_palatino.pdf, id=81, 509.73561pt x 360.74588pt>
File: /Users/romoluque_c/LEGEND/BACON/Analysis_documentation/images//Gain_all_c
hannels_black_box_palatino.pdf Graphic file (type pdf)
<use /Users/romoluque_c/LEGEND/BACON/Analysis_documentation/images//Gain_all_ch
annels_black_box_palatino.pdf>
Package pdftex.def Info: /Users/romoluque_c/LEGEND/BACON/Analysis_documentation
/images//Gain_all_channels_black_box_palatino.pdf  used on input line 84.
(pdftex.def)             Requested size: 312.9803pt x 221.50235pt.

LaTeX Warning: `!h' float specifier changed to `!ht'.

[2 </Users/romoluque_c/LEGEND/BACON/Analysis_documentation/images//wf_dark_box_
palatino.pdf>] [3 </Users/romoluque_c/LEGEND/BACON/Analysis_documentation/image
s//wf_and_swf_dark_box_palatino.pdf> </Users/romoluque_c/LEGEND/BACON/Analysis_
documentation/images//summed_subtr_wf_trigger_region_colored_palatino.pdf>]
</Users/romoluque_c/LEGEND/BACON/Analysis_documentation/images//gains_dark_box_
and_BACoN.pdf, id=202, 509.73561pt x 360.74588pt>
File: /Users/romoluque_c/LEGEND/BACON/Analysis_documentation/images//gains_dark
_box_and_BACoN.pdf Graphic file (type pdf)
<use /Users/romoluque_c/LEGEND/BACON/Analysis_documentation/images//gains_dark_
box_and_BACoN.pdf>
Package pdftex.def Info: /Users/romoluque_c/LEGEND/BACON/Analysis_documentation
/images//gains_dark_box_and_BACoN.pdf  used on input line 102.
(pdftex.def)             Requested size: 312.9803pt x 221.50235pt.


LaTeX Warning: `!h' float specifier changed to `!ht'.

[4 </Users/romoluque_c/LEGEND/BACON/Analysis_documentation/images//spectrum_bla
ck_box_fitted_palatino.pdf> </Users/romoluque_c/LEGEND/BACON/Analysis_documenta
tion/images//Gain_all_channels_black_box_palatino.pdf>]
</Users/romoluque_c/LEGEND/BACON/Analysis_documentation/images//event_example_a
ll_SiPMs.pdf, id=285, 1138.28828pt x 995.22253pt>
File: /Users/romoluque_c/LEGEND/BACON/Analysis_documentation/images//event_exam
ple_all_SiPMs.pdf Graphic file (type pdf)
<use /Users/romoluque_c/LEGEND/BACON/Analysis_documentation/images//event_examp
le_all_SiPMs.pdf>
Package pdftex.def Info: /Users/romoluque_c/LEGEND/BACON/Analysis_documentation
/images//event_example_all_SiPMs.pdf  used on input line 115.
(pdftex.def)             Requested size: 455.24408pt x 398.02122pt.


LaTeX Warning: `!h' float specifier changed to `!ht'.

</Users/romoluque_c/LEGEND/BACON/Analysis_documentation/images//Gain_trigger_ch
annels_BACoN_run2.pdf, id=287, 455.232pt x 334.67848pt>
File: /Users/romoluque_c/LEGEND/BACON/Analysis_documentation/images//Gain_trigg
er_channels_BACoN_run2.pdf Graphic file (type pdf)
<use /Users/romoluque_c/LEGEND/BACON/Analysis_documentation/images//Gain_trigge
r_channels_BACoN_run2.pdf>
Package pdftex.def Info: /Users/romoluque_c/LEGEND/BACON/Analysis_documentation
/images//Gain_trigger_channels_BACoN_run2.pdf  used on input line 126.
(pdftex.def)             Requested size: 312.9803pt x 230.10109pt.

LaTeX Warning: `!h' float specifier changed to `!ht'.

</Users/romoluque_c/LEGEND/BACON/Analysis_documentation/images//4event_example_
channel8.pdf, id=289, 850.69632pt x 562.2267pt>
File: /Users/romoluque_c/LEGEND/BACON/Analysis_documentation/images//4event_exa
mple_channel8.pdf Graphic file (type pdf)
<use /Users/romoluque_c/LEGEND/BACON/Analysis_documentation/images//4event_exam
ple_channel8.pdf>
Package pdftex.def Info: /Users/romoluque_c/LEGEND/BACON/Analysis_documentation
/images//4event_example_channel8.pdf  used on input line 138.
(pdftex.def)             Requested size: 455.24408pt x 300.86981pt.

LaTeX Warning: `!h' float specifier changed to `!ht'.

[5 </Users/romoluque_c/LEGEND/BACON/Analysis_documentation/images//gains_dark_b
ox_and_BACoN.pdf>]
</Users/romoluque_c/LEGEND/BACON/Analysis_documentation/images//Baseline_subtra
ction_data.pdf, id=349, 848.49449pt x 273.1028pt>
File: /Users/romoluque_c/LEGEND/BACON/Analysis_documentation/images//Baseline_s
ubtraction_data.pdf Graphic file (type pdf)
<use /Users/romoluque_c/LEGEND/BACON/Analysis_documentation/images//Baseline_su
btraction_data.pdf>
Package pdftex.def Info: /Users/romoluque_c/LEGEND/BACON/Analysis_documentation
/images//Baseline_subtraction_data.pdf  used on input line 151.
(pdftex.def)             Requested size: 455.24408pt x 146.53151pt.


LaTeX Warning: `!h' float specifier changed to `!ht'.

[6 </Users/romoluque_c/LEGEND/BACON/Analysis_documentation/images//event_exampl
e_all_SiPMs.pdf>] [7 </Users/romoluque_c/LEGEND/BACON/Analysis_documentation/im
ages//Gain_trigger_channels_BACoN_run2.pdf> </Users/romoluque_c/LEGEND/BACON/An
alysis_documentation/images//4event_example_channel8.pdf>]
</Users/romoluque_c/LEGEND/BACON/Analysis_documentation/images//summed_wfs_exam
ple_norm_gain_and_evts.pdf, id=466, 460.45464pt x 333.94136pt>
File: /Users/romoluque_c/LEGEND/BACON/Analysis_documentation/images//summed_wfs
_example_norm_gain_and_evts.pdf Graphic file (type pdf)
<use /Users/romoluque_c/LEGEND/BACON/Analysis_documentation/images//summed_wfs_
example_norm_gain_and_evts.pdf>
Package pdftex.def Info: /Users/romoluque_c/LEGEND/BACON/Analysis_documentation
/images//summed_wfs_example_norm_gain_and_evts.pdf  used on input line 173.
(pdftex.def)             Requested size: 312.9803pt x 226.9905pt.
</Users/romoluque_c/LEGEND/BACON/Analysis_documentation/images//Two_evts_with_s
ignal_before_trigger_ch8.pdf, id=468, 848.35487pt x 309.42036pt>
File: /Users/romoluque_c/LEGEND/BACON/Analysis_documentation/images//Two_evts_w
ith_signal_before_trigger_ch8.pdf Graphic file (type pdf)
<use /Users/romoluque_c/LEGEND/BACON/Analysis_documentation/images//Two_evts_wi
th_signal_before_trigger_ch8.pdf>
Package pdftex.def Info: /Users/romoluque_c/LEGEND/BACON/Analysis_documentation
/images//Two_evts_with_signal_before_trigger_ch8.pdf  used on input line 184.
(pdftex.def)             Requested size: 455.24408pt x 166.04108pt.


LaTeX Warning: `!h' float specifier changed to `!ht'.

[8 </Users/romoluque_c/LEGEND/BACON/Analysis_documentation/images//Baseline_sub
traction_data.pdf> </Users/romoluque_c/LEGEND/BACON/Analysis_documentation/imag
es//summed_wfs_example_norm_gain_and_evts.pdf>]
</Users/romoluque_c/LEGEND/BACON/Analysis_documentation/images//SG_waveform_wl3
0ns.pdf, id=549, 455.43588pt x 333.94136pt>
File: /Users/romoluque_c/LEGEND/BACON/Analysis_documentation/images//SG_wavefor
m_wl30ns.pdf Graphic file (type pdf)
<use /Users/romoluque_c/LEGEND/BACON/Analysis_documentation/images//SG_waveform
_wl30ns.pdf>
Package pdftex.def Info: /Users/romoluque_c/LEGEND/BACON/Analysis_documentation
/images//SG_waveform_wl30ns.pdf  used on input line 200.
(pdftex.def)             Requested size: 312.9803pt x 229.49748pt.
</Users/romoluque_c/LEGEND/BACON/Analysis_documentation/images//SG_waveform_wl3
0ns_thr_points.pdf, id=552, 848.35487pt x 309.2378pt>
File: /Users/romoluque_c/LEGEND/BACON/Analysis_documentation/images//SG_wavefor
m_wl30ns_thr_points.pdf Graphic file (type pdf)
<use /Users/romoluque_c/LEGEND/BACON/Analysis_documentation/images//SG_waveform
_wl30ns_thr_points.pdf>
Package pdftex.def Info: /Users/romoluque_c/LEGEND/BACON/Analysis_documentation
/images//SG_waveform_wl30ns_thr_points.pdf  used on input line 210.
(pdftex.def)             Requested size: 455.24408pt x 165.9431pt.
 [9 </Users/romoluque_c/LEGEND/BACON/Analysis_documentation/images//Two_evts_wi
th_signal_before_trigger_ch8.pdf> </Users/romoluque_c/LEGEND/BACON/Analysis_doc
umentation/images//SG_waveform_wl30ns.pdf>]
Overfull \hbox (10.5625pt too wide) in paragraph at lines 220--221
\OT1/ppl/m/n/10.95 An in-ter-me-di-ate step be-tween fil-ter-ing and ob-tain-in
g the peaks is to com-pute the zero-suppressed
 []

</Users/romoluque_c/LEGEND/BACON/Analysis_documentation/images//ZS_waveform.pdf
, id=633, 469.48837pt x 333.94136pt>
File: /Users/romoluque_c/LEGEND/BACON/Analysis_documentation/images//ZS_wavefor
m.pdf Graphic file (type pdf)
<use /Users/romoluque_c/LEGEND/BACON/Analysis_documentation/images//ZS_waveform
.pdf>
Package pdftex.def Info: /Users/romoluque_c/LEGEND/BACON/Analysis_documentation
/images//ZS_waveform.pdf  used on input line 224.
(pdftex.def)             Requested size: 312.9803pt x 222.62363pt.

LaTeX Warning: `!h' float specifier changed to `!ht'.

LaTeX Font Info:    Trying to load font information for OT1+pcr on input line 2
32.
(/usr/local/texlive/2023/texmf-dist/tex/latex/psnfss/ot1pcr.fd
File: ot1pcr.fd 2001/06/04 font definitions for OT1/pcr.
)
</Users/romoluque_c/LEGEND/BACON/Analysis_documentation/images//ZS_peaks_wavefo
rm.pdf, id=636, 473.00151pt x 337.98424pt>
File: /Users/romoluque_c/LEGEND/BACON/Analysis_documentation/images//ZS_peaks_w
aveform.pdf Graphic file (type pdf)
<use /Users/romoluque_c/LEGEND/BACON/Analysis_documentation/images//ZS_peaks_wa
veform.pdf>
Package pdftex.def Info: /Users/romoluque_c/LEGEND/BACON/Analysis_documentation
/images//ZS_peaks_waveform.pdf  used on input line 238.
(pdftex.def)             Requested size: 312.9803pt x 223.63757pt.


LaTeX Warning: `!h' float specifier changed to `!ht'.

</Users/romoluque_c/LEGEND/BACON/Analysis_documentation/images//hit_map_example
.pdf, id=638, 508.28647pt x 331.93385pt>
File: /Users/romoluque_c/LEGEND/BACON/Analysis_documentation/images//hit_map_ex
ample.pdf Graphic file (type pdf)
<use /Users/romoluque_c/LEGEND/BACON/Analysis_documentation/images//hit_map_exa
mple.pdf>
Package pdftex.def Info: /Users/romoluque_c/LEGEND/BACON/Analysis_documentation
/images//hit_map_example.pdf  used on input line 248.
(pdftex.def)             Requested size: 341.43306pt x 222.97192pt.

LaTeX Warning: `!h' float specifier changed to `!ht'.

</Users/romoluque_c/LEGEND/BACON/Analysis_documentation/images//ZS_peak_wavefor
m_thr.pdf, id=640, 469.48837pt x 333.94136pt>
File: /Users/romoluque_c/LEGEND/BACON/Analysis_documentation/images//ZS_peak_wa
veform_thr.pdf Graphic file (type pdf)
<use /Users/romoluque_c/LEGEND/BACON/Analysis_documentation/images//ZS_peak_wav
eform_thr.pdf>
Package pdftex.def Info: /Users/romoluque_c/LEGEND/BACON/Analysis_documentation
/images//ZS_peak_waveform_thr.pdf  used on input line 263.
(pdftex.def)             Requested size: 312.9803pt x 222.62363pt.

LaTeX Warning: `!h' float specifier changed to `!ht'.

[10 </Users/romoluque_c/LEGEND/BACON/Analysis_documentation/images//SG_waveform
_wl30ns_thr_points.pdf>]
</Users/romoluque_c/LEGEND/BACON/Analysis_documentation/images//ZS_peak_wavefor
m_2nd_peak_minus_1st_label.pdf, id=695, 816.29068pt x 588.96458pt>
File: /Users/romoluque_c/LEGEND/BACON/Analysis_documentation/images//ZS_peak_wa
veform_2nd_peak_minus_1st_label.pdf Graphic file (type pdf)
<use /Users/romoluque_c/LEGEND/BACON/Analysis_documentation/images//ZS_peak_wav
eform_2nd_peak_minus_1st_label.pdf>
Package pdftex.def Info: /Users/romoluque_c/LEGEND/BACON/Analysis_documentation
/images//ZS_peak_waveform_2nd_peak_minus_1st_label.pdf  used on input line 273.

(pdftex.def)             Requested size: 312.9803pt x 225.81293pt.


LaTeX Warning: `!h' float specifier changed to `!ht'.

</Users/romoluque_c/LEGEND/BACON/Analysis_documentation/images//hit_map_all_chs
_spe.pdf, id=698, 487.3175pt x 337.0467pt>
File: /Users/romoluque_c/LEGEND/BACON/Analysis_documentation/images//hit_map_al
l_chs_spe.pdf Graphic file (type pdf)
<use /Users/romoluque_c/LEGEND/BACON/Analysis_documentation/images//hit_map_all
_chs_spe.pdf>
Package pdftex.def Info: /Users/romoluque_c/LEGEND/BACON/Analysis_documentation
/images//hit_map_all_chs_spe.pdf  used on input line 284.
(pdftex.def)             Requested size: 224.7766pt x 155.45993pt.
</Users/romoluque_c/LEGEND/BACON/Analysis_documentation/images//sum_hits_all_ch
s_spe.pdf, id=699, 563.75302pt x 388.17773pt>
File: /Users/romoluque_c/LEGEND/BACON/Analysis_documentation/images//sum_hits_a
ll_chs_spe.pdf Graphic file (type pdf)
<use /Users/romoluque_c/LEGEND/BACON/Analysis_documentation/images//sum_hits_al
l_chs_spe.pdf>
Package pdftex.def Info: /Users/romoluque_c/LEGEND/BACON/Analysis_documentation
/images//sum_hits_all_chs_spe.pdf  used on input line 285.
(pdftex.def)             Requested size: 224.7766pt x 154.7708pt.
[11 </Users/romoluque_c/LEGEND/BACON/Analysis_documentation/images//ZS_waveform
.pdf> </Users/romoluque_c/LEGEND/BACON/Analysis_documentation/images//ZS_peaks_
waveform.pdf>]

LaTeX Warning: `!h' float specifier changed to `!ht'.

</Users/romoluque_c/LEGEND/BACON/Analysis_documentation/images//hit_map_and_sum
med_wfs_norm.pdf, id=789, 678.46915pt x 417.41321pt>
File: /Users/romoluque_c/LEGEND/BACON/Analysis_documentation/images//hit_map_an
d_summed_wfs_norm.pdf Graphic file (type pdf)
<use /Users/romoluque_c/LEGEND/BACON/Analysis_documentation/images//hit_map_and
_summed_wfs_norm.pdf>
Package pdftex.def Info: /Users/romoluque_c/LEGEND/BACON/Analysis_documentation
/images//hit_map_and_summed_wfs_norm.pdf  used on input line 297.
(pdftex.def)             Requested size: 426.79134pt x 262.58318pt.
[12 </Users/romoluque_c/LEGEND/BACON/Analysis_documentation/images//hit_map_exa
mple.pdf> </Users/romoluque_c/LEGEND/BACON/Analysis_documentation/images//ZS_pe
ak_waveform_thr.pdf>]

LaTeX Warning: `!h' float specifier changed to `!ht'.

</Users/romoluque_c/LEGEND/BACON/Analysis_documentation/images//spe_shape.pdf, 
id=873, 459.30972pt x 347.08421pt>
File: /Users/romoluque_c/LEGEND/BACON/Analysis_documentation/images//spe_shape.
pdf Graphic file (type pdf)
<use /Users/romoluque_c/LEGEND/BACON/Analysis_documentation/images//spe_shape.p
df>
Package pdftex.def Info: /Users/romoluque_c/LEGEND/BACON/Analysis_documentation
/images//spe_shape.pdf  used on input line 311.
(pdftex.def)             Requested size: 312.9803pt x 236.51726pt.

LaTeX Warning: `!h' float specifier changed to `!ht'.

</Users/romoluque_c/LEGEND/BACON/Analysis_documentation/images//spe_shape_fit.p
df, id=874, 452.28348pt x 347.08421pt>
File: /Users/romoluque_c/LEGEND/BACON/Analysis_documentation/images//spe_shape_
fit.pdf Graphic file (type pdf)
<use /Users/romoluque_c/LEGEND/BACON/Analysis_documentation/images//spe_shape_f
it.pdf>
Package pdftex.def Info: /Users/romoluque_c/LEGEND/BACON/Analysis_documentation
/images//spe_shape_fit.pdf  used on input line 321.
(pdftex.def)             Requested size: 224.7766pt x 172.49304pt.
</Users/romoluque_c/LEGEND/BACON/Analysis_documentation/images//spe_shape_fit2.
pdf, id=875, 457.65578pt x 347.08421pt>
File: /Users/romoluque_c/LEGEND/BACON/Analysis_documentation/images//spe_shape_
fit2.pdf Graphic file (type pdf)
<use /Users/romoluque_c/LEGEND/BACON/Analysis_documentation/images//spe_shape_f
it2.pdf>
Package pdftex.def Info: /Users/romoluque_c/LEGEND/BACON/Analysis_documentation
/images//spe_shape_fit2.pdf  used on input line 322.
(pdftex.def)             Requested size: 224.7766pt x 170.46996pt.

LaTeX Warning: `!h' float specifier changed to `!ht'.

[13 </Users/romoluque_c/LEGEND/BACON/Analysis_documentation/images//ZS_peak_wav
eform_2nd_peak_minus_1st_label.pdf> </Users/romoluque_c/LEGEND/BACON/Analysis_d
ocumentation/images//hit_map_all_chs_spe.pdf> </Users/romoluque_c/LEGEND/BACON/
Analysis_documentation/images//sum_hits_all_chs_spe.pdf>]

LaTeX Warning: Text page 14 contains only floats.

[14 </Users/romoluque_c/LEGEND/BACON/Analysis_documentation/images//hit_map_and
_summed_wfs_norm.pdf> </Users/romoluque_c/LEGEND/BACON/Analysis_documentation/i
mages//spe_shape.pdf>]
</Users/romoluque_c/LEGEND/BACON/Analysis_documentation/images//trigger_time_tr
igger_chs.pdf, id=1043, 451.73456pt x 350.80122pt>
File: /Users/romoluque_c/LEGEND/BACON/Analysis_documentation/images//trigger_ti
me_trigger_chs.pdf Graphic file (type pdf)
<use /Users/romoluque_c/LEGEND/BACON/Analysis_documentation/images//trigger_tim
e_trigger_chs.pdf>
Package pdftex.def Info: /Users/romoluque_c/LEGEND/BACON/Analysis_documentation
/images//trigger_time_trigger_chs.pdf  used on input line 333.
(pdftex.def)             Requested size: 224.7766pt x 174.55443pt.
</Users/romoluque_c/LEGEND/BACON/Analysis_documentation/images//trigger_time_no
rmal_chs.pdf, id=1044, 451.73456pt x 350.81691pt>
File: /Users/romoluque_c/LEGEND/BACON/Analysis_documentation/images//trigger_ti
me_normal_chs.pdf Graphic file (type pdf)
<use /Users/romoluque_c/LEGEND/BACON/Analysis_documentation/images//trigger_tim
e_normal_chs.pdf>
Package pdftex.def Info: /Users/romoluque_c/LEGEND/BACON/Analysis_documentation
/images//trigger_time_normal_chs.pdf  used on input line 334.
(pdftex.def)             Requested size: 224.7766pt x 174.56224pt.
</Users/romoluque_c/LEGEND/BACON/Analysis_documentation/images//trigger_time_fi
t_trigger_and_regular.pdf, id=1046, 746.83705pt x 295.169pt>
File: /Users/romoluque_c/LEGEND/BACON/Analysis_documentation/images//trigger_ti
me_fit_trigger_and_regular.pdf Graphic file (type pdf)
<use /Users/romoluque_c/LEGEND/BACON/Analysis_documentation/images//trigger_tim
e_fit_trigger_and_regular.pdf>
Package pdftex.def Info: /Users/romoluque_c/LEGEND/BACON/Analysis_documentation
/images//trigger_time_fit_trigger_and_regular.pdf  used on input line 344.
(pdftex.def)             Requested size: 455.24408pt x 179.92671pt.


LaTeX Warning: `!h' float specifier changed to `!ht'.

</Users/romoluque_c/LEGEND/BACON/Analysis_documentation/images//Rise_time_illus
tration.pdf, id=1047, 469.48837pt x 333.94136pt>
File: /Users/romoluque_c/LEGEND/BACON/Analysis_documentation/images//Rise_time_
illustration.pdf Graphic file (type pdf)
<use /Users/romoluque_c/LEGEND/BACON/Analysis_documentation/images//Rise_time_i
llustration.pdf>
Package pdftex.def Info: /Users/romoluque_c/LEGEND/BACON/Analysis_documentation
/images//Rise_time_illustration.pdf  used on input line 357.
(pdftex.def)             Requested size: 284.52756pt x 202.38419pt.

LaTeX Warning: `!h' float specifier changed to `!ht'.

</Users/romoluque_c/LEGEND/BACON/Analysis_documentation/images//rise_time.pdf, 
id=1049, 1140.90744pt x 1141.04356pt>
File: /Users/romoluque_c/LEGEND/BACON/Analysis_documentation/images//rise_time.
pdf Graphic file (type pdf)
<use /Users/romoluque_c/LEGEND/BACON/Analysis_documentation/images//rise_time.p
df>
Package pdftex.def Info: /Users/romoluque_c/LEGEND/BACON/Analysis_documentation
/images//rise_time.pdf  used on input line 367.
(pdftex.def)             Requested size: 455.24408pt x 455.29504pt.

LaTeX Warning: `!h' float specifier changed to `!ht'.

[15 </Users/romoluque_c/LEGEND/BACON/Analysis_documentation/images//spe_shape_f
it.pdf> </Users/romoluque_c/LEGEND/BACON/Analysis_documentation/images//spe_sha
pe_fit2.pdf> </Users/romoluque_c/LEGEND/BACON/Analysis_documentation/images//tr
igger_time_trigger_chs.pdf> </Users/romoluque_c/LEGEND/BACON/Analysis_documenta
tion/images//trigger_time_normal_chs.pdf>]
</Users/romoluque_c/LEGEND/BACON/Analysis_documentation/images//Spectrum_trigge
r_SiPMs_all_runs_all_cases_leg_style.pdf, id=1218, 442.05101pt x 297.511pt>
File: /Users/romoluque_c/LEGEND/BACON/Analysis_documentation/images//Spectrum_t
rigger_SiPMs_all_runs_all_cases_leg_style.pdf Graphic file (type pdf)
<use /Users/romoluque_c/LEGEND/BACON/Analysis_documentation/images//Spectrum_tr
igger_SiPMs_all_runs_all_cases_leg_style.pdf>
Package pdftex.def Info: /Users/romoluque_c/LEGEND/BACON/Analysis_documentation
/images//Spectrum_trigger_SiPMs_all_runs_all_cases_leg_style.pdf  used on input
 line 379.
(pdftex.def)             Requested size: 284.52756pt x 191.50043pt.


LaTeX Warning: `!h' float specifier changed to `!ht'.

[16 </Users/romoluque_c/LEGEND/BACON/Analysis_documentation/images//trigger_tim
e_fit_trigger_and_regular.pdf> </Users/romoluque_c/LEGEND/BACON/Analysis_docume
ntation/images//Rise_time_illustration.pdf>] [17 </Users/romoluque_c/LEGEND/BAC
ON/Analysis_documentation/images//rise_time.pdf>] [18 </Users/romoluque_c/LEGEN
D/BACON/Analysis_documentation/images//Spectrum_trigger_SiPMs_all_runs_all_case
s_leg_style.pdf>] (./BACoN_analysis_doc.aux)
Package rerunfilecheck Info: File `BACoN_analysis_doc.out' has not changed.
(rerunfilecheck)             Checksum: 4195A141F2685347EA254609DC85BE9F;2257.
 ) 
Here is how much of TeX's memory you used:
 10490 strings out of 476025
 185821 string characters out of 5790018
 1859388 words of memory out of 5000000
 30716 multiletter control sequences out of 15000+600000
 524052 words of font info for 63 fonts, out of 8000000 for 9000
 1141 hyphenation exceptions out of 8191
 75i,6n,76p,1162b,467s stack positions out of 10000i,1000n,20000p,200000b,200000s
</usr/local/texlive/2023/texmf-dist/fonts/type1/public/amsfonts/cm/cmr8.pfb><
/usr/local/texlive/2023/texmf-dist/fonts/type1/public/amsfonts/cm/cmsy10.pfb></
usr/local/texlive/2023/texmf-dist/fonts/type1/urw/courier/ucrr8a.pfb></usr/loca
l/texlive/2023/texmf-dist/fonts/type1/urw/palatino/uplb8a.pfb></usr/local/texli
ve/2023/texmf-dist/fonts/type1/urw/palatino/uplr8a.pfb>
Output written on BACoN_analysis_doc.pdf (18 pages, 11432104 bytes).
PDF statistics:
 1449 PDF objects out of 1728 (max. 8388607)
 387 compressed objects within 4 object streams
 66 named destinations out of 1000 (max. 500000)
 273 words of extra memory for PDF output out of 10000 (max. 10000000)

